# JRE version: OpenJDK Runtime Environment Microsoft-8035246 (17.0.8+7) (build 17.0.8+7-LTS)
# Java VM: OpenJDK 64-Bit Server VM Microsoft-8035246 (17.0.8+7-LTS, mixed mode, sharing, tiered, compressed oops, compressed class ptrs, g1 gc, windows-amd64)
GC Precious Log:
 CPUs: 8 total, 8 available
 Memory: 16122M
 Large Page Support: Disabled
 NUMA Support: Disabled
 Compressed Oops: Enabled (32-bit)
 Heap Region Size: 1M
 Heap Min Capacity: 8M
 Heap Initial Capacity: 252M
 Heap Max Capacity: 2G
 Pre-touch: Disabled
 Parallel Workers: 8
 Concurrent Workers: 2
 Concurrent Refinement Workers: 8
 Periodic GC: Disabled
Heap:
 garbage-first heap   total 272384K, used 217404K [0x0000000080000000, 0x0000000100000000)
  region size 1024K, 16 young (16384K), 4 survivors (4096K)
 Metaspace       used 110199K, committed 111296K, reserved 557056K
  class space    used 15072K, committed 15616K, reserved 425984K
GC Heap History (20 events):
Event: 34.304 GC heap before
{Heap before GC invocations=42 (full 0):
 garbage-first heap   total 219136K, used 178832K [0x0000000080000000, 0x0000000100000000)
  region size 1024K, 53 young (54272K), 7 survivors (7168K)
 Metaspace       used 96657K, committed 97536K, reserved 557056K
  class space    used 13365K, committed 13760K, reserved 425984K
}
Event: 34.313 GC heap after
{Heap after GC invocations=43 (full 0):
 garbage-first heap   total 219136K, used 140130K [0x0000000080000000, 0x0000000100000000)
  region size 1024K, 7 young (7168K), 7 survivors (7168K)
 Metaspace       used 96657K, committed 97536K, reserved 557056K
  class space    used 13365K, committed 13760K, reserved 425984K
}
Event: 34.911 GC heap before
{Heap before GC invocations=43 (full 0):
 garbage-first heap   total 219136K, used 184162K [0x0000000080000000, 0x0000000100000000)
  region size 1024K, 46 young (47104K), 7 survivors (7168K)
 Metaspace       used 96868K, committed 97856K, reserved 557056K
  class space    used 13383K, committed 13824K, reserved 425984K
}
Event: 34.922 GC heap after
{Heap after GC invocations=44 (full 0):
 garbage-first heap   total 219136K, used 151354K [0x0000000080000000, 0x0000000100000000)
  region size 1024K, 6 young (6144K), 6 survivors (6144K)
 Metaspace       used 96868K, committed 97856K, reserved 557056K
  class space    used 13383K, committed 13824K, reserved 425984K
}
Event: 35.537 GC heap before
{Heap before GC invocations=44 (full 0):
 garbage-first heap   total 219136K, used 183098K [0x0000000080000000, 0x0000000100000000)
  region size 1024K, 36 young (36864K), 6 survivors (6144K)
 Metaspace       used 98967K, committed 99904K, reserved 557056K
  class space    used 13652K, committed 14080K, reserved 425984K
}
Event: 35.547 GC heap after
{Heap after GC invocations=45 (full 0):
 garbage-first heap   total 272384K, used 156139K [0x0000000080000000, 0x0000000100000000)
  region size 1024K, 5 young (5120K), 5 survivors (5120K)
 Metaspace       used 98967K, committed 99904K, reserved 557056K
  class space    used 13652K, committed 14080K, reserved 425984K
}
Event: 36.664 GC heap before
{Heap before GC invocations=45 (full 0):
 garbage-first heap   total 272384K, used 222699K [0x0000000080000000, 0x0000000100000000)
  region size 1024K, 64 young (65536K), 5 survivors (5120K)
 Metaspace       used 101987K, committed 103040K, reserved 557056K
  class space    used 14045K, committed 14528K, reserved 425984K
}
Event: 36.673 GC heap after
{Heap after GC invocations=46 (full 0):
 garbage-first heap   total 272384K, used 174080K [0x0000000080000000, 0x0000000100000000)
  region size 1024K, 8 young (8192K), 8 survivors (8192K)
 Metaspace       used 101987K, committed 103040K, reserved 557056K
  class space    used 14045K, committed 14528K, reserved 425984K
}
Event: 37.822 GC heap before
{Heap before GC invocations=46 (full 0):
 garbage-first heap   total 272384K, used 221184K [0x0000000080000000, 0x0000000100000000)
  region size 1024K, 54 young (55296K), 8 survivors (8192K)
 Metaspace       used 106075K, committed 107072K, reserved 557056K
  class space    used 14617K, committed 15104K, reserved 425984K
}
Event: 37.835 GC heap after
{Heap after GC invocations=47 (full 0):
 garbage-first heap   total 272384K, used 182272K [0x0000000080000000, 0x0000000100000000)
  region size 1024K, 7 young (7168K), 7 survivors (7168K)
 Metaspace       used 106075K, committed 107072K, reserved 557056K
  class space    used 14617K, committed 15104K, reserved 425984K
}
Event: 38.670 GC heap before
{Heap before GC invocations=47 (full 0):
 garbage-first heap   total 272384K, used 225280K [0x0000000080000000, 0x0000000100000000)
  region size 1024K, 49 young (50176K), 7 survivors (7168K)
 Metaspace       used 106699K, committed 107712K, reserved 557056K
  class space    used 14673K, committed 15168K, reserved 425984K
}
Event: 38.687 GC heap after
{Heap after GC invocations=48 (full 0):
 garbage-first heap   total 272384K, used 190857K [0x0000000080000000, 0x0000000100000000)
  region size 1024K, 7 young (7168K), 7 survivors (7168K)
 Metaspace       used 106699K, committed 107712K, reserved 557056K
  class space    used 14673K, committed 15168K, reserved 425984K
}
Event: 39.301 GC heap before
{Heap before GC invocations=48 (full 0):
 garbage-first heap   total 272384K, used 226697K [0x0000000080000000, 0x0000000100000000)
  region size 1024K, 42 young (43008K), 7 survivors (7168K)
 Metaspace       used 108419K, committed 109440K, reserved 557056K
  class space    used 14862K, committed 15360K, reserved 425984K
}
Event: 39.311 GC heap after
{Heap after GC invocations=49 (full 0):
 garbage-first heap   total 272384K, used 197129K [0x0000000080000000, 0x0000000100000000)
  region size 1024K, 6 young (6144K), 6 survivors (6144K)
 Metaspace       used 108419K, committed 109440K, reserved 557056K
  class space    used 14862K, committed 15360K, reserved 425984K
}
Event: 39.918 GC heap before
{Heap before GC invocations=49 (full 0):
 garbage-first heap   total 272384K, used 228873K [0x0000000080000000, 0x0000000100000000)
  region size 1024K, 38 young (38912K), 6 survivors (6144K)
 Metaspace       used 109538K, committed 110656K, reserved 557056K
  class space    used 15007K, committed 15552K, reserved 425984K
}
Event: 39.928 GC heap after
{Heap after GC invocations=50 (full 0):
 garbage-first heap   total 272384K, used 201509K [0x0000000080000000, 0x0000000100000000)
  region size 1024K, 5 young (5120K), 5 survivors (5120K)
 Metaspace       used 109538K, committed 110656K, reserved 557056K
  class space    used 15007K, committed 15552K, reserved 425984K
}
Event: 40.565 GC heap before
{Heap before GC invocations=50 (full 0):
 garbage-first heap   total 272384K, used 230181K [0x0000000080000000, 0x0000000100000000)
  region size 1024K, 34 young (34816K), 5 survivors (5120K)
 Metaspace       used 109749K, committed 110848K, reserved 557056K
  class space    used 15007K, committed 15552K, reserved 425984K
}
Event: 40.576 GC heap after
{Heap after GC invocations=51 (full 0):
 garbage-first heap   total 272384K, used 203387K [0x0000000080000000, 0x0000000100000000)
  region size 1024K, 2 young (2048K), 2 survivors (2048K)
 Metaspace       used 109749K, committed 110848K, reserved 557056K
  class space    used 15007K, committed 15552K, reserved 425984K
}
Event: 41.168 GC heap before
{Heap before GC invocations=51 (full 0):
 garbage-first heap   total 272384K, used 232059K [0x0000000080000000, 0x0000000100000000)
  region size 1024K, 31 young (31744K), 2 survivors (2048K)
 Metaspace       used 110198K, committed 111296K, reserved 557056K
  class space    used 15072K, committed 15616K, reserved 425984K
}
Event: 41.175 GC heap after
{Heap after GC invocations=52 (full 0):
 garbage-first heap   total 272384K, used 207164K [0x0000000080000000, 0x0000000100000000)
  region size 1024K, 4 young (4096K), 4 survivors (4096K)
 Metaspace       used 110198K, committed 111296K, reserved 557056K
  class space    used 15072K, committed 15616K, reserved 425984K
}

